2021-01-27 19:21:54 INFO     Model: PairRE
2021-01-27 19:21:54 INFO     Dataset: ogbl-wikikg2
2021-01-27 19:21:54 INFO     Split: byrel
2021-01-27 19:21:54 INFO     #entity: 2500604
2021-01-27 19:21:54 INFO     #relation: 535
2021-01-27 19:21:54 INFO     #train: 16109182
2021-01-27 19:21:54 INFO     #valid: 429456
2021-01-27 19:21:54 INFO     #test: 598543
2021-01-27 19:25:04 INFO     Model Parameter Configuration:
2021-01-27 19:25:04 INFO     Parameter gamma: torch.Size([1]), require_grad = False
2021-01-27 19:25:04 INFO     Parameter embedding_range: torch.Size([1]), require_grad = False
2021-01-27 19:25:04 INFO     Parameter entity_embedding: torch.Size([2500604, 400]), require_grad = True
2021-01-27 19:25:04 INFO     Parameter relation_embedding: torch.Size([535, 800]), require_grad = True
2021-01-27 19:25:12 INFO     Loading checkpoint /home/mrdouglas/ogb/examples/linkproppred/wikikg/log/ogbl-wikikg/PairRE/400-8.0/1605147115.2863047...
2021-01-27 19:25:31 INFO     Start Training...
2021-01-27 19:25:31 INFO     init_step = 199999
2021-01-27 19:25:31 INFO     batch_size = 1024
2021-01-27 19:25:31 INFO     negative_adversarial_sampling = 0
2021-01-27 19:25:31 INFO     hidden_dim = 400
2021-01-27 19:25:31 INFO     gamma = 8.000000
2021-01-27 19:25:31 INFO     negative_adversarial_sampling = False
2021-01-27 19:25:31 INFO     learning_rate = 0
2021-01-27 19:26:57 INFO     Train positive_sample_loss at step 200000: 0.161301
2021-01-27 19:26:57 INFO     Train negative_sample_loss at step 200000: 0.082714
2021-01-27 19:26:57 INFO     Train loss at step 200000: 0.122008
2021-01-27 19:28:26 INFO     Evaluating on Test Dataset...
2021-01-27 19:28:27 INFO     Evaluating the model... (0/37410)
2021-01-27 19:28:30 INFO     Evaluating the model... (1000/37410)
2021-01-27 19:28:35 INFO     Evaluating the model... (2000/37410)
2021-01-27 19:28:38 INFO     Evaluating the model... (3000/37410)
2021-01-27 19:28:42 INFO     Evaluating the model... (4000/37410)
2021-01-27 19:28:46 INFO     Evaluating the model... (5000/37410)
2021-01-27 19:28:50 INFO     Evaluating the model... (6000/37410)
2021-01-27 19:28:54 INFO     Evaluating the model... (7000/37410)
2021-01-27 19:28:58 INFO     Evaluating the model... (8000/37410)
2021-01-27 19:29:01 INFO     Evaluating the model... (9000/37410)
2021-01-27 19:29:05 INFO     Evaluating the model... (10000/37410)
2021-01-27 19:29:09 INFO     Evaluating the model... (11000/37410)
2021-01-27 19:29:13 INFO     Evaluating the model... (12000/37410)
2021-01-27 19:29:16 INFO     Evaluating the model... (13000/37410)
2021-01-27 19:29:20 INFO     Evaluating the model... (14000/37410)
2021-01-27 19:29:24 INFO     Evaluating the model... (15000/37410)
2021-01-27 19:29:27 INFO     Evaluating the model... (16000/37410)
2021-01-27 19:29:30 INFO     Evaluating the model... (17000/37410)
2021-01-27 19:29:34 INFO     Evaluating the model... (18000/37410)
2021-01-27 19:29:39 INFO     Evaluating the model... (19000/37410)
2021-01-27 19:29:43 INFO     Evaluating the model... (20000/37410)
2021-01-27 19:29:47 INFO     Evaluating the model... (21000/37410)
2021-01-27 19:29:51 INFO     Evaluating the model... (22000/37410)
2021-01-27 19:29:54 INFO     Evaluating the model... (23000/37410)
2021-01-27 19:29:58 INFO     Evaluating the model... (24000/37410)
2021-01-27 19:30:02 INFO     Evaluating the model... (25000/37410)
2021-01-27 19:30:05 INFO     Evaluating the model... (26000/37410)
2021-01-27 19:30:09 INFO     Evaluating the model... (27000/37410)
2021-01-27 19:30:13 INFO     Evaluating the model... (28000/37410)
2021-01-27 19:30:16 INFO     Evaluating the model... (29000/37410)
2021-01-27 19:30:20 INFO     Evaluating the model... (30000/37410)
2021-01-27 19:30:23 INFO     Evaluating the model... (31000/37410)
2021-01-27 19:30:27 INFO     Evaluating the model... (32000/37410)
2021-01-27 19:30:30 INFO     Evaluating the model... (33000/37410)
2021-01-27 19:30:34 INFO     Evaluating the model... (34000/37410)
2021-01-27 19:30:38 INFO     Evaluating the model... (35000/37410)
2021-01-27 19:30:41 INFO     Evaluating the model... (36000/37410)
2021-01-27 19:30:44 INFO     Evaluating the model... (37000/37410)
2021-01-27 19:30:47 INFO     Test hits@1_list at step 200000: 0.182025
2021-01-27 19:30:47 INFO     Summary name Test_hits@1_list is illegal; using Test_hits_1_list instead.
2021-01-27 19:30:47 INFO     Test hits@3_list at step 200000: 0.240765
2021-01-27 19:30:47 INFO     Summary name Test_hits@3_list is illegal; using Test_hits_3_list instead.
2021-01-27 19:30:47 INFO     Test hits@10_list at step 200000: 0.353286
2021-01-27 19:30:47 INFO     Summary name Test_hits@10_list is illegal; using Test_hits_10_list instead.
2021-01-27 19:30:47 INFO     Test mrr_list at step 200000: 0.238819
